Log file produced by: Storyboard Pro (StoryboardPro.exe) version 25.0.0 build 23967 2025-06-05 18:44:20
﻿2026-04-01 17:48:18;ACTION;Start Paste Panel(s) (SBU_SboardUtil.cpp,5019)
﻿  2026-04-01 17:48:18;ACTION;begin accum Paste Panels (CO_CommandManager.cpp,253)
﻿  2026-04-01 17:48:18;ACTION;Start DropModels (DD_System.cpp,1703)
﻿  2026-04-01 17:48:18;ACTION;End DropModels (DD_System.cpp,1703)
﻿  2026-04-01 17:48:18;ACTION;end accum (CO_CommandManager.cpp,489)
﻿  2026-04-01 17:48:18;ACTION;end accum (CO_CommandManager.cpp,489)
﻿  2026-04-01 17:48:18;ACTION;end accum (CO_CommandManager.cpp,489)
﻿  2026-04-01 17:48:18;ACTION;end accum (CO_CommandManager.cpp,489)
﻿  2026-04-01 17:48:18;Create;C:/Users/JTR/AppData/Local/Temp/ToonBoomSessionTempDir/1700; OK 
﻿  2026-04-01 17:48:18;Create;C:/Users/JTR/AppData/Local/Temp/ToonBoomSessionTempDir/1700/elements; OK 
﻿  2026-04-01 17:48:18;Create;C:/Users/JTR/AppData/Local/Temp/ToonBoomSessionTempDir/1700/elements/1.e; OK 
﻿  2026-04-01 17:48:18;Create;C:/Users/JTR/AppData/Local/Temp/ToonBoomSessionTempDir/1700/elements/1.d; OK 
﻿  2026-04-01 17:48:18;Create;C:/Users/JTR/AppData/Local/Temp/ToonBoomSessionTempDir/1700/elements/1.d/d-30.tvg; OK 
﻿  2026-04-01 17:48:18;Create;C:/Users/JTR/AppData/Local/Temp/ToonBoomSessionTempDir/1700/elements/1.d/d-31.tvg; OK 
﻿  2026-04-01 17:48:18;ACTION;Start DropModels (DD_System.cpp,1703)
﻿  2026-04-01 17:48:18;ACTION;End DropModels (DD_System.cpp,1703)
﻿  2026-04-01 17:48:18;ACTION;end accum (CO_CommandManager.cpp,489)
﻿  2026-04-01 17:48:18;Create;C:/Users/JTR/AppData/Local/Temp/ToonBoomSessionTempDir/1700/elements/1.d/d-32.tvg; OK 
﻿  2026-04-01 17:48:18;ACTION;Start DropModels (DD_System.cpp,1703)
﻿  2026-04-01 17:48:18;ACTION;End DropModels (DD_System.cpp,1703)
﻿  2026-04-01 17:48:18;ACTION;end accum (CO_CommandManager.cpp,489)
﻿  2026-04-01 17:48:18;Create;C:/Users/JTR/AppData/Local/Temp/ToonBoomSessionTempDir/1700/elements/1.d/d-33.tvg; OK 
﻿  2026-04-01 17:48:18;ACTION;Start DropModels (DD_System.cpp,1703)
﻿  2026-04-01 17:48:18;ACTION;End DropModels (DD_System.cpp,1703)
﻿  2026-04-01 17:48:18;ACTION;end accum (CO_CommandManager.cpp,489)
﻿  2026-04-01 17:48:18;Create;C:/Users/JTR/AppData/Local/Temp/ToonBoomSessionTempDir/1700/elements/1.d/d-34.tvg; OK 
﻿  2026-04-01 17:48:18;ACTION;Start DropModels (DD_System.cpp,1703)
﻿  2026-04-01 17:48:18;ACTION;End DropModels (DD_System.cpp,1703)
﻿  2026-04-01 17:48:18;ACTION;end accum (CO_CommandManager.cpp,489)
﻿  2026-04-01 17:48:18;Create;C:/Users/JTR/AppData/Local/Temp/ToonBoomSessionTempDir/1700/elements/1.d/d-35.tvg; OK 
﻿  2026-04-01 17:48:18;Create;C:/Users/JTR/AppData/Local/Temp/ToonBoomSessionTempDir/1700/elements/1.d/d-36.tvg; OK 
﻿  2026-04-01 17:48:18;Create;C:/Users/JTR/AppData/Local/Temp/ToonBoomSessionTempDir/1700/elements/1.d/d-37.tvg; OK 
﻿  2026-04-01 17:48:18;Create;C:/Users/JTR/AppData/Local/Temp/ToonBoomSessionTempDir/1700/elements/1.d/d-38.tvg; OK 
﻿  2026-04-01 17:48:18;ACTION;Start DropModels (DD_System.cpp,1703)
﻿  2026-04-01 17:48:18;ACTION;End DropModels (DD_System.cpp,1703)
﻿  2026-04-01 17:48:18;ACTION;Start DropModels (DD_System.cpp,1703)
﻿  2026-04-01 17:48:18;ACTION;End DropModels (DD_System.cpp,1703)
﻿  2026-04-01 17:48:18;ACTION;end accum (CO_CommandManager.cpp,489)
﻿  2026-04-01 17:48:18;Create;C:/Users/JTR/AppData/Local/Temp/ToonBoomSessionTempDir/1700/elements/1.d/d-39.tvg; OK 
﻿  2026-04-01 17:48:18;Create;C:/Users/JTR/AppData/Local/Temp/ToonBoomSessionTempDir/1700/elements/1.d/d-40.tvg; OK 
﻿  2026-04-01 17:48:18;ACTION;Start DropModels (DD_System.cpp,1703)
﻿  2026-04-01 17:48:18;ACTION;End DropModels (DD_System.cpp,1703)
﻿  2026-04-01 17:48:18;ACTION;end accum (CO_CommandManager.cpp,489)
﻿  2026-04-01 17:48:18;Create;C:/Users/JTR/AppData/Local/Temp/ToonBoomSessionTempDir/1700/elements/1.d/d-41.tvg; OK 
﻿  2026-04-01 17:48:18;ACTION;Start DropModels (DD_System.cpp,1703)
﻿  2026-04-01 17:48:18;ACTION;End DropModels (DD_System.cpp,1703)
﻿  2026-04-01 17:48:18;ACTION;end accum (CO_CommandManager.cpp,489)
﻿  2026-04-01 17:48:18;Create;C:/Users/JTR/AppData/Local/Temp/ToonBoomSessionTempDir/1700/elements/1.d/d-42.tvg; OK 
﻿  2026-04-01 17:48:18;ACTION;Start DropModels (DD_System.cpp,1703)
﻿  2026-04-01 17:48:18;ACTION;End DropModels (DD_System.cpp,1703)
﻿  2026-04-01 17:48:18;ACTION;end accum (CO_CommandManager.cpp,489)
﻿  2026-04-01 17:48:18;Create;C:/Users/JTR/AppData/Local/Temp/ToonBoomSessionTempDir/1700/elements/1.d/d-43.tvg; OK 
﻿  2026-04-01 17:48:18;Create;C:/Users/JTR/AppData/Local/Temp/ToonBoomSessionTempDir/1700/elements/1.d/d-44.tvg; OK 
﻿  2026-04-01 17:48:18;Create;C:/Users/JTR/AppData/Local/Temp/ToonBoomSessionTempDir/1700/elements/1.d/d-45.tvg; OK 
﻿  2026-04-01 17:48:18;Create;C:/Users/JTR/AppData/Local/Temp/ToonBoomSessionTempDir/1700/elements/1.d/d-46.tvg; OK 
﻿  2026-04-01 17:48:18;ACTION;Start DropModels (DD_System.cpp,1703)
﻿  2026-04-01 17:48:18;ACTION;End DropModels (DD_System.cpp,1703)
﻿  2026-04-01 17:48:18;ACTION;end accum (CO_CommandManager.cpp,489)
﻿  2026-04-01 17:48:18;Create;C:/Users/JTR/AppData/Local/Temp/ToonBoomSessionTempDir/1700/elements/1.d/d-47.tvg; OK 
﻿  2026-04-01 17:48:18;ACTION;Start DropModels (DD_System.cpp,1703)
﻿  2026-04-01 17:48:18;ACTION;End DropModels (DD_System.cpp,1703)
﻿  2026-04-01 17:48:18;ACTION;end accum (CO_CommandManager.cpp,489)
﻿  2026-04-01 17:48:18;ACTION;end accum (CO_CommandManager.cpp,489)
﻿  2026-04-01 17:48:18;ACTION;end accum (CO_CommandManager.cpp,489)
﻿  2026-04-01 17:48:18;ACTION;end accum (CO_CommandManager.cpp,489)
﻿  2026-04-01 17:48:18;ACTION;end accum (CO_CommandManager.cpp,489)
﻿  2026-04-01 17:48:18;ACTION;end accum (CO_CommandManager.cpp,489)
﻿  2026-04-01 17:48:18;ACTION;end accum (CO_CommandManager.cpp,489)
﻿  2026-04-01 17:48:18;ACTION;end accum (CO_CommandManager.cpp,489)
﻿  2026-04-01 17:48:18;ACTION;end accum (CO_CommandManager.cpp,489)
﻿2026-04-01 17:48:18;ACTION;End Paste Panel(s) (SBU_SboardUtil.cpp,5019)
﻿2026-04-01 17:48:22;ACTION;begin accum Delete Panel (CO_CommandManager.cpp,253)
﻿2026-04-01 17:48:22;ACTION;end accum (CO_CommandManager.cpp,489)
﻿2026-04-01 17:48:22;ACTION;end accum (CO_CommandManager.cpp,489)
﻿2026-04-01 17:48:22;ACTION;end accum (CO_CommandManager.cpp,489)
﻿2026-04-01 17:48:22;ACTION;end accum (CO_CommandManager.cpp,489)
﻿2026-04-01 17:49:41;Delete;C:/Users/JTR/AppData/Roaming/Toon Boom Animation/Toon Boom Storyboard Pro/full-2500-pref/Storyboard Pro-pref.xml~; OK 
﻿2026-04-01 17:49:41;Rename;C:/Users/JTR/AppData/Roaming/Toon Boom Animation/Toon Boom Storyboard Pro/full-2500-pref/Storyboard Pro-pref.xml;Storyboard Pro-pref.xml~ OK 
﻿2026-04-01 17:49:41;Rename;C:/Users/JTR/AppData/Roaming/Toon Boom Animation/Toon Boom Storyboard Pro/full-2500-pref/Storyboard Pro-pref.xml+;Storyboard Pro-pref.xml OK 
﻿2026-04-01 17:50:03;Delete;C:/Users/JTR/AppData/Roaming/Toon Boom Animation/Toon Boom Storyboard Pro/full-2500-pref/Storyboard Pro-pref.xml~; OK 
﻿2026-04-01 17:50:03;Rename;C:/Users/JTR/AppData/Roaming/Toon Boom Animation/Toon Boom Storyboard Pro/full-2500-pref/Storyboard Pro-pref.xml;Storyboard Pro-pref.xml~ OK 
﻿2026-04-01 17:50:03;Rename;C:/Users/JTR/AppData/Roaming/Toon Boom Animation/Toon Boom Storyboard Pro/full-2500-pref/Storyboard Pro-pref.xml+;Storyboard Pro-pref.xml OK 
﻿2026-04-01 17:50:19;ACTION;Start Saving project
﻿  2026-04-01 17:50:19;ACTION;Start isSaveProjectPossible (SC_SaveUtil.cpp,335)
﻿    2026-04-01 17:50:19;Create;C:/Users/JTR/OneDrive/문서/Toon Boom Storyboard Pro Library/ACTcidentMAIN-260401/ACTcidentMAIN-260401.sboard+; OK 
﻿    2026-04-01 17:50:19;Delete;C:/Users/JTR/OneDrive/문서/Toon Boom Storyboard Pro Library/ACTcidentMAIN-260401/ACTcidentMAIN-260401.sboard+; OK 
﻿  2026-04-01 17:50:19;ACTION;End isSaveProjectPossible (SC_SaveUtil.cpp,335)
﻿  2026-04-01 17:50:19;ACTION;Start isSaveProjectPossible (SC_SaveUtil.cpp,335)
﻿    2026-04-01 17:50:19;Create;C:/Users/JTR/OneDrive/문서/Toon Boom Storyboard Pro Library/ACTcidentMAIN-260401/ACTcidentMAIN-260401.sboard+; OK 
﻿    2026-04-01 17:50:19;Delete;C:/Users/JTR/OneDrive/문서/Toon Boom Storyboard Pro Library/ACTcidentMAIN-260401/ACTcidentMAIN-260401.sboard+; OK 
﻿  2026-04-01 17:50:19;ACTION;End isSaveProjectPossible (SC_SaveUtil.cpp,335)
﻿  2026-04-01 17:50:19;ACTION;Start TUElementMgr::writeToVersionAuxFile (tuelementmgr.cpp,2082)
﻿    2026-04-01 17:50:19;Rename;C:/Users/JTR/OneDrive/문서/Toon Boom Storyboard Pro Library/ACTcidentMAIN-260401/scene.elementTable;scene.elementTable~ OK 
﻿    2026-04-01 17:50:19;Create;C:/Users/JTR/OneDrive/문서/Toon Boom Storyboard Pro Library/ACTcidentMAIN-260401/scene.elementTable; OK 
﻿  2026-04-01 17:50:19;ACTION;End TUElementMgr::writeToVersionAuxFile (tuelementmgr.cpp,2082)
﻿  2026-04-01 17:50:19;ACTION;Start saveDrawings - delete drawings (tudrawinglist.cpp,702)
﻿  2026-04-01 17:50:19;ACTION;End saveDrawings - delete drawings (tudrawinglist.cpp,702)
﻿  2026-04-01 17:50:19;ACTION;Start saveDrawings - rename to temp name (tudrawinglist.cpp,732)
﻿  2026-04-01 17:50:19;ACTION;End saveDrawings - rename to temp name (tudrawinglist.cpp,732)
﻿  2026-04-01 17:50:19;ACTION;Start saveDrawings - rename to final name (tudrawinglist.cpp,759)
﻿  2026-04-01 17:50:19;ACTION;End saveDrawings - rename to final name (tudrawinglist.cpp,759)
﻿  2026-04-01 17:50:19;ACTION;Start saveDrawings - copy all drawings from temp to project (tudrawinglist.cpp,796)
﻿    2026-04-01 17:50:19;Create;C:/Users/JTR/OneDrive/문서/Toon Boom Storyboard Pro Library/ACTcidentMAIN-260401/elements/Draw/Draw-7.tvg; OK 
﻿    2026-04-01 17:50:19;Rename;C:/Users/JTR/AppData/Local/Temp/ToonBoomSessionTempDir/1700/elements/1.d/d-30.tvg;d-30.tvg~ OK 
﻿    2026-04-01 17:50:19;Create;C:/Users/JTR/OneDrive/문서/Toon Boom Storyboard Pro Library/ACTcidentMAIN-260401/elements/Draw/Draw-9.tvg; OK 
﻿    2026-04-01 17:50:19;Rename;C:/Users/JTR/AppData/Local/Temp/ToonBoomSessionTempDir/1700/elements/1.d/d-31.tvg;d-31.tvg~ OK 
﻿    2026-04-01 17:50:19;Create;C:/Users/JTR/OneDrive/문서/Toon Boom Storyboard Pro Library/ACTcidentMAIN-260401/elements/Draw/Draw-11.tvg; OK 
﻿    2026-04-01 17:50:19;Rename;C:/Users/JTR/AppData/Local/Temp/ToonBoomSessionTempDir/1700/elements/1.d/d-32.tvg;d-32.tvg~ OK 
﻿    2026-04-01 17:50:19;Create;C:/Users/JTR/OneDrive/문서/Toon Boom Storyboard Pro Library/ACTcidentMAIN-260401/elements/Draw/Draw-10.tvg; OK 
﻿    2026-04-01 17:50:19;Rename;C:/Users/JTR/AppData/Local/Temp/ToonBoomSessionTempDir/1700/elements/1.d/d-33.tvg;d-33.tvg~ OK 
﻿    2026-04-01 17:50:19;Create;C:/Users/JTR/OneDrive/문서/Toon Boom Storyboard Pro Library/ACTcidentMAIN-260401/elements/Draw/Draw-10_1.tvg; OK 
﻿    2026-04-01 17:50:19;Rename;C:/Users/JTR/AppData/Local/Temp/ToonBoomSessionTempDir/1700/elements/1.d/d-34.tvg;d-34.tvg~ OK 
﻿    2026-04-01 17:50:19;Create;C:/Users/JTR/OneDrive/문서/Toon Boom Storyboard Pro Library/ACTcidentMAIN-260401/elements/Draw/Draw-14.tvg; OK 
﻿    2026-04-01 17:50:19;Rename;C:/Users/JTR/AppData/Local/Temp/ToonBoomSessionTempDir/1700/elements/1.d/d-35.tvg;d-35.tvg~ OK 
﻿    2026-04-01 17:50:19;Create;C:/Users/JTR/OneDrive/문서/Toon Boom Storyboard Pro Library/ACTcidentMAIN-260401/elements/Draw/Draw-15.tvg; OK 
﻿    2026-04-01 17:50:19;Rename;C:/Users/JTR/AppData/Local/Temp/ToonBoomSessionTempDir/1700/elements/1.d/d-36.tvg;d-36.tvg~ OK 
﻿    2026-04-01 17:50:19;Create;C:/Users/JTR/OneDrive/문서/Toon Boom Storyboard Pro Library/ACTcidentMAIN-260401/elements/Draw/Draw-16.tvg; OK 
﻿    2026-04-01 17:50:19;Rename;C:/Users/JTR/AppData/Local/Temp/ToonBoomSessionTempDir/1700/elements/1.d/d-37.tvg;d-37.tvg~ OK 
﻿    2026-04-01 17:50:19;Create;C:/Users/JTR/OneDrive/문서/Toon Boom Storyboard Pro Library/ACTcidentMAIN-260401/elements/Draw/Draw-17.tvg; OK 
﻿    2026-04-01 17:50:19;Rename;C:/Users/JTR/AppData/Local/Temp/ToonBoomSessionTempDir/1700/elements/1.d/d-38.tvg;d-38.tvg~ OK 
﻿    2026-04-01 17:50:19;Create;C:/Users/JTR/OneDrive/문서/Toon Boom Storyboard Pro Library/ACTcidentMAIN-260401/elements/Draw/Draw-7_1.tvg; OK 
﻿    2026-04-01 17:50:19;Rename;C:/Users/JTR/AppData/Local/Temp/ToonBoomSessionTempDir/1700/elements/1.d/d-39.tvg;d-39.tvg~ OK 
﻿    2026-04-01 17:50:19;Create;C:/Users/JTR/OneDrive/문서/Toon Boom Storyboard Pro Library/ACTcidentMAIN-260401/elements/Draw/Draw-9_1.tvg; OK 
﻿    2026-04-01 17:50:19;Rename;C:/Users/JTR/AppData/Local/Temp/ToonBoomSessionTempDir/1700/elements/1.d/d-40.tvg;d-40.tvg~ OK 
﻿    2026-04-01 17:50:19;Create;C:/Users/JTR/OneDrive/문서/Toon Boom Storyboard Pro Library/ACTcidentMAIN-260401/elements/Draw/Draw-11_1.tvg; OK 
﻿    2026-04-01 17:50:19;Rename;C:/Users/JTR/AppData/Local/Temp/ToonBoomSessionTempDir/1700/elements/1.d/d-41.tvg;d-41.tvg~ OK 
﻿    2026-04-01 17:50:19;Create;C:/Users/JTR/OneDrive/문서/Toon Boom Storyboard Pro Library/ACTcidentMAIN-260401/elements/Draw/Draw-10_2.tvg; OK 
﻿    2026-04-01 17:50:19;Rename;C:/Users/JTR/AppData/Local/Temp/ToonBoomSessionTempDir/1700/elements/1.d/d-42.tvg;d-42.tvg~ OK 
﻿    2026-04-01 17:50:19;Create;C:/Users/JTR/OneDrive/문서/Toon Boom Storyboard Pro Library/ACTcidentMAIN-260401/elements/Draw/Draw-17_1.tvg; OK 
﻿    2026-04-01 17:50:19;Rename;C:/Users/JTR/AppData/Local/Temp/ToonBoomSessionTempDir/1700/elements/1.d/d-43.tvg;d-43.tvg~ OK 
﻿    2026-04-01 17:50:19;Create;C:/Users/JTR/OneDrive/문서/Toon Boom Storyboard Pro Library/ACTcidentMAIN-260401/elements/Draw/Draw-16_1.tvg; OK 
﻿    2026-04-01 17:50:19;Rename;C:/Users/JTR/AppData/Local/Temp/ToonBoomSessionTempDir/1700/elements/1.d/d-44.tvg;d-44.tvg~ OK 
﻿    2026-04-01 17:50:19;Create;C:/Users/JTR/OneDrive/문서/Toon Boom Storyboard Pro Library/ACTcidentMAIN-260401/elements/Draw/Draw-15_1.tvg; OK 
﻿    2026-04-01 17:50:19;Rename;C:/Users/JTR/AppData/Local/Temp/ToonBoomSessionTempDir/1700/elements/1.d/d-45.tvg;d-45.tvg~ OK 
﻿    2026-04-01 17:50:19;Create;C:/Users/JTR/OneDrive/문서/Toon Boom Storyboard Pro Library/ACTcidentMAIN-260401/elements/Draw/Draw-14_1.tvg; OK 
﻿    2026-04-01 17:50:19;Rename;C:/Users/JTR/AppData/Local/Temp/ToonBoomSessionTempDir/1700/elements/1.d/d-46.tvg;d-46.tvg~ OK 
﻿    2026-04-01 17:50:19;Create;C:/Users/JTR/OneDrive/문서/Toon Boom Storyboard Pro Library/ACTcidentMAIN-260401/elements/Draw/Draw-10_3.tvg; OK 
﻿    2026-04-01 17:50:19;Rename;C:/Users/JTR/AppData/Local/Temp/ToonBoomSessionTempDir/1700/elements/1.d/d-47.tvg;d-47.tvg~ OK 
﻿  2026-04-01 17:50:19;ACTION;End saveDrawings - copy all drawings from temp to project (tudrawinglist.cpp,796)
﻿  2026-04-01 17:50:19;ACTION;Start saveDrawings - save all modified drawings in memory (tudrawinglist.cpp,861)
﻿  2026-04-01 17:50:19;ACTION;End saveDrawings - save all modified drawings in memory (tudrawinglist.cpp,861)
﻿  2026-04-01 17:50:19;ACTION;Start saveProject (SC_SaveUtil.cpp,509)
﻿    2026-04-01 17:50:19;Create;C:/Users/JTR/OneDrive/문서/Toon Boom Storyboard Pro Library/ACTcidentMAIN-260401/ACTcidentMAIN-260401.sboard+; OK 
﻿    2026-04-01 17:50:19;Rename;C:\Users\JTR\OneDrive\문서\Toon Boom Storyboard Pro Library\ACTcidentMAIN-260401/ACTcidentMAIN-260401.sboard;C:\Users\JTR\OneDrive\문서\Toon Boom Storyboard Pro Library\ACTcidentMAIN-260401/ACTcidentMAIN-260401.sboard~ OK 
﻿    2026-04-01 17:50:19;Rename;C:\Users\JTR\OneDrive\문서\Toon Boom Storyboard Pro Library\ACTcidentMAIN-260401/ACTcidentMAIN-260401.sboard+;C:\Users\JTR\OneDrive\문서\Toon Boom Storyboard Pro Library\ACTcidentMAIN-260401/ACTcidentMAIN-260401.sboard OK 
﻿    2026-04-01 17:50:19;ACTION;Start writeToVersionAuxFile (tuelementmgr.cpp,2542)
﻿      2026-04-01 17:50:19;ACTION;Start writeToVersionAuxFile (EM_XMLFileIO.cpp,318)
﻿        2026-04-01 17:50:19;Rename;C:/Users/JTR/OneDrive/문서/Toon Boom Storyboard Pro Library/ACTcidentMAIN-260401/ACTcidentMAIN-260401.aux;ACTcidentMAIN-260401.aux~ OK 
﻿        2026-04-01 17:50:19;Create;C:/Users/JTR/OneDrive/문서/Toon Boom Storyboard Pro Library/ACTcidentMAIN-260401/ACTcidentMAIN-260401.aux; OK 
﻿      2026-04-01 17:50:19;ACTION;End writeToVersionAuxFile (EM_XMLFileIO.cpp,318)
﻿    2026-04-01 17:50:19;ACTION;End writeToVersionAuxFile (tuelementmgr.cpp,2542)
﻿  2026-04-01 17:50:19;ACTION;End saveProject (SC_SaveUtil.cpp,509)
﻿  2026-04-01 17:50:19;ACTION;Start writeToDrawingVersionAuxFile (EM_XMLFileIO.cpp,372)
﻿    2026-04-01 17:50:19;Rename;C:/Users/JTR/OneDrive/문서/Toon Boom Storyboard Pro Library/ACTcidentMAIN-260401/scene.versionTable;scene.versionTable~ OK 
﻿    2026-04-01 17:50:19;Create;C:/Users/JTR/OneDrive/문서/Toon Boom Storyboard Pro Library/ACTcidentMAIN-260401/scene.versionTable; OK 
﻿  2026-04-01 17:50:19;ACTION;End writeToDrawingVersionAuxFile (EM_XMLFileIO.cpp,372)
﻿  2026-04-01 17:50:19;Create;C:/Users/JTR/OneDrive/문서/Toon Boom Storyboard Pro Library/ACTcidentMAIN-260401/ACTcidentMAIN-260401.sboard.thumbnails; OK 
﻿  2026-04-01 17:50:19;Delete;C:/Users/JTR/OneDrive/문서/Toon Boom Storyboard Pro Library/ACTcidentMAIN-260401/scene.elementTable~; OK 
﻿  2026-04-01 17:50:19;Delete;C:/Users/JTR/AppData/Local/Temp/ToonBoomSessionTempDir/1700/elements/1.d/d-30.tvg~; OK 
﻿  2026-04-01 17:50:19;Delete;C:/Users/JTR/AppData/Local/Temp/ToonBoomSessionTempDir/1700/elements/1.d/d-31.tvg~; OK 
﻿  2026-04-01 17:50:19;Delete;C:/Users/JTR/AppData/Local/Temp/ToonBoomSessionTempDir/1700/elements/1.d/d-32.tvg~; OK 
﻿  2026-04-01 17:50:19;Delete;C:/Users/JTR/AppData/Local/Temp/ToonBoomSessionTempDir/1700/elements/1.d/d-33.tvg~; OK 
﻿  2026-04-01 17:50:19;Delete;C:/Users/JTR/AppData/Local/Temp/ToonBoomSessionTempDir/1700/elements/1.d/d-34.tvg~; OK 
﻿  2026-04-01 17:50:19;Delete;C:/Users/JTR/AppData/Local/Temp/ToonBoomSessionTempDir/1700/elements/1.d/d-35.tvg~; OK 
﻿  2026-04-01 17:50:19;Delete;C:/Users/JTR/AppData/Local/Temp/ToonBoomSessionTempDir/1700/elements/1.d/d-36.tvg~; OK 
﻿  2026-04-01 17:50:19;Delete;C:/Users/JTR/AppData/Local/Temp/ToonBoomSessionTempDir/1700/elements/1.d/d-37.tvg~; OK 
﻿  2026-04-01 17:50:19;Delete;C:/Users/JTR/AppData/Local/Temp/ToonBoomSessionTempDir/1700/elements/1.d/d-38.tvg~; OK 
﻿  2026-04-01 17:50:19;Delete;C:/Users/JTR/AppData/Local/Temp/ToonBoomSessionTempDir/1700/elements/1.d/d-39.tvg~; OK 
﻿  2026-04-01 17:50:19;Delete;C:/Users/JTR/AppData/Local/Temp/ToonBoomSessionTempDir/1700/elements/1.d/d-40.tvg~; OK 
﻿  2026-04-01 17:50:19;Delete;C:/Users/JTR/AppData/Local/Temp/ToonBoomSessionTempDir/1700/elements/1.d/d-41.tvg~; OK 
﻿  2026-04-01 17:50:19;Delete;C:/Users/JTR/AppData/Local/Temp/ToonBoomSessionTempDir/1700/elements/1.d/d-42.tvg~; OK 
﻿  2026-04-01 17:50:19;Delete;C:/Users/JTR/AppData/Local/Temp/ToonBoomSessionTempDir/1700/elements/1.d/d-43.tvg~; OK 
﻿  2026-04-01 17:50:19;Delete;C:/Users/JTR/AppData/Local/Temp/ToonBoomSessionTempDir/1700/elements/1.d/d-44.tvg~; OK 
﻿  2026-04-01 17:50:19;Delete;C:/Users/JTR/AppData/Local/Temp/ToonBoomSessionTempDir/1700/elements/1.d/d-45.tvg~; OK 
﻿  2026-04-01 17:50:19;Delete;C:/Users/JTR/AppData/Local/Temp/ToonBoomSessionTempDir/1700/elements/1.d/d-46.tvg~; OK 
﻿  2026-04-01 17:50:19;Delete;C:/Users/JTR/AppData/Local/Temp/ToonBoomSessionTempDir/1700/elements/1.d/d-47.tvg~; OK 
﻿  2026-04-01 17:50:19;Delete;C:/Users/JTR/OneDrive/문서/Toon Boom Storyboard Pro Library/ACTcidentMAIN-260401/ACTcidentMAIN-260401.aux~; OK 
﻿  2026-04-01 17:50:19;Delete;C:/Users/JTR/OneDrive/문서/Toon Boom Storyboard Pro Library/ACTcidentMAIN-260401/scene.versionTable~; OK 
﻿2026-04-01 17:50:19;ACTION;End Saving project
﻿2026-04-01 17:50:50;ACTION;Start Closing project
﻿  2026-04-01 17:50:50;Delete;C:/Users/JTR/OneDrive/문서/Toon Boom Storyboard Pro Library/ACTcidentMAIN-260401/ACTcidentMAIN-260401.sboard.lock; OK 
﻿  2026-04-01 17:51:07;Delete;C:/Users/JTR/AppData/Local/Temp/ToonBoomSessionTempDir/1700/elements/1.d; OK 
﻿  2026-04-01 17:51:07;Delete;C:/Users/JTR/AppData/Local/Temp/ToonBoomSessionTempDir/1700/elements/1.e; OK 
﻿  2026-04-01 17:51:07;Delete;C:/Users/JTR/AppData/Local/Temp/ToonBoomSessionTempDir/1700/elements; OK 
﻿  2026-04-01 17:51:07;Delete;C:/Users/JTR/AppData/Local/Temp/ToonBoomSessionTempDir/1700; OK 
﻿2026-04-01 17:51:07;ACTION;End Closing project
